<html>
<head>
<title>TestNG:  Default test</title>
<link href="../testng.css" rel="stylesheet" type="text/css" />
<link href="../my-testng.css" rel="stylesheet" type="text/css" />

<style type="text/css">
.log { display: none;} 
.stack-trace { display: none;} 
</style>
<script type="text/javascript">
<!--
function flip(e) {
  current = e.style.display;
  if (current == 'block') {
    e.style.display = 'none';
    return 0;
  }
  else {
    e.style.display = 'block';
    return 1;
  }
}

function toggleBox(szDivId, elem, msg1, msg2)
{
  var res = -1;  if (document.getElementById) {
    res = flip(document.getElementById(szDivId));
  }
  else if (document.all) {
    // this is the way old msie versions work
    res = flip(document.all[szDivId]);
  }
  if(elem) {
    if(res == 0) elem.innerHTML = msg1; else elem.innerHTML = msg2;
  }

}

function toggleAllBoxes() {
  if (document.getElementsByTagName) {
    d = document.getElementsByTagName('div');
    for (i = 0; i < d.length; i++) {
      if (d[i].className == 'log') {
        flip(d[i]);
      }
    }
  }
}

// -->
</script>

</head>
<body>
<h2 align='center'>Default test</h2><table border='1' align="center">
<tr>
<td>Tests passed/Failed/Skipped:</td><td>0/1/0</td>
</tr><tr>
<td>Started on:</td><td>Thu Feb 09 23:33:21 IST 2017</td>
</tr>
<tr><td>Total time:</td><td>48 seconds (48496 ms)</td>
</tr><tr>
<td>Included groups:</td><td></td>
</tr><tr>
<td>Excluded groups:</td><td></td>
</tr>
</table><p/>
<small><i>(Hover the method name to see the test class name)</i></small><p/>
<table width='100%' border='1' class='invocation-failed'>
<tr><td colspan='4' align='center'><b>FAILED TESTS</b></td></tr>
<tr><td><b>Test method</b></td>
<td width="30%"><b>Exception</b></td>
<td width="10%"><b>Time (seconds)</b></td>
<td><b>Instance</b></td>
</tr>
<tr>
<td title='com.commonsite.test.Amazon_Test.Project_AddCartValidation()'><b>Project_AddCartValidation</b><br>Test class: com.commonsite.test.Amazon_Test</td>
<td><div><pre>org.openqa.selenium.WebDriverException: Failed to connect to binary FirefoxBinary(C:\Program Files (x86)\Mozilla Firefox\firefox.exe) on port 7056; process output follows: 
1486663404299	addons.manager	DEBUG	Application has been upgraded
1486663404316	addons.manager	DEBUG	Loaded provider scope for resource://gre/modules/addons/XPIProvider.jsm: [&quot;XPIProvider&quot;]
1486663404320	addons.manager	DEBUG	Loaded provider scope for resource://gre/modules/LightweightThemeManager.jsm: [&quot;LightweightThemeManager&quot;]
1486663404324	addons.xpi	DEBUG	startup
1486663404324	addons.xpi	DEBUG	Skipping unavailable install location app-system-local
1486663404325	addons.xpi	DEBUG	Skipping unavailable install location app-system-share
1486663404326	addons.xpi	DEBUG	Ignoring file entry whose name is not a valid add-on ID: C:\Users\admin\AppData\Local\Temp\anonymous4642206570918376620webdriver-profile\extensions\webdriver-staging
1486663404346	addons.xpi	DEBUG	checkForChanges
1486663404352	addons.xpi	DEBUG	Directory state JSON differs: cache [] state [{&quot;name&quot;:&quot;app-global&quot;,&quot;addons&quot;:{&quot;{972ce4c6-7e08-4474-a285-3208198ce6fd}&quot;:{&quot;descriptor&quot;:&quot;C:\\Program Files (x86)\\Mozilla Firefox\\browser\\extensions\\{972ce4c6-7e08-4474-a285-3208198ce6fd}&quot;,&quot;mtime&quot;:1481524752608,&quot;rdfTime&quot;:1405567032000}}},{&quot;name&quot;:&quot;app-profile&quot;,&quot;addons&quot;:{&quot;fxdriver@googlecode.com&quot;:{&quot;descriptor&quot;:&quot;C:\\Users\\admin\\AppData\\Local\\Temp\\anonymous4642206570918376620webdriver-profile\\extensions\\fxdriver@googlecode.com&quot;,&quot;mtime&quot;:1486663403144,&quot;rdfTime&quot;:1486663403093}}}]
1486663404357	addons.xpi-utils	DEBUG	Opening XPI database C:\Users\admin\AppData\Local\Temp\anonymous4642206570918376620webdriver-profile\extensions.json
1486663404358	addons.xpi	DEBUG	New add-on fxdriver@googlecode.com installed in app-profile
*** Blocklist::_loadBlocklistFromFile: blocklist is disabled
1486663404578	addons.xpi-utils	DEBUG	Make addon app-profile:fxdriver@googlecode.com visible
1486663404581	DeferredSave.extensions.json	DEBUG	Save changes
1486663404582	DeferredSave.extensions.json	DEBUG	Save changes
1486663404582	addons.xpi	DEBUG	New add-on {972ce4c6-7e08-4474-a285-3208198ce6fd} installed in app-global
1486663404587	addons.xpi-utils	DEBUG	Make addon app-global:{972ce4c6-7e08-4474-a285-3208198ce6fd} visible
1486663404588	DeferredSave.extensions.json	DEBUG	Save changes
1486663404588	DeferredSave.extensions.json	DEBUG	Save changes
1486663404598	addons.xpi	DEBUG	Updating database with changes to installed add-ons
1486663404599	addons.xpi-utils	DEBUG	Updating add-on states
1486663404600	addons.xpi-utils	DEBUG	Writing add-ons list
1486663406193	DeferredSave.extensions.json	DEBUG	Starting timer
1486663406239	DeferredSave.extensions.json	DEBUG	Starting write
1486663406302	DeferredSave.extensions.json	DEBUG	Write succeeded
1486663406302	addons.xpi-utils	DEBUG	XPI Database saved, setting schema version preference to 16
System JS : ERROR (null):0 - uncaught exception: [object Object]
JavaScript error: chrome://fxdriver/content/server.js, line 61: NS_ERROR_XPC_CI_RETURNED_FAILURE: Component returned failure code: 0x80570015 (NS_ERROR_XPC_CI_RETURNED_FAILURE) [nsIJSCID.createInstance]
JavaScript error: chrome://browser/content/urlbarBindings.xml, line 674: aUrl is undefined
1486663435073	addons.manager	DEBUG	shutdown
1486663435074	addons.xpi	DEBUG	shutdown
1486663435074	addons.xpi-utils	DEBUG	shutdown
1486663435076	addons.xpi	DEBUG	Notifying XPI shutdown observers
1486663435083	addons.manager	DEBUG	Async provider shutdown done

Build info: version: &apos;2.53.0&apos;, revision: &apos;35ae25b1534ae328c771e0856c93e187490ca824&apos;, time: &apos;2016-03-15 10:43:46&apos;
System info: host: &apos;admin-PC&apos;, ip: &apos;192.168.56.1&apos;, os.name: &apos;Windows 7&apos;, os.arch: &apos;amd64&apos;, os.version: &apos;6.1&apos;, java.version: &apos;1.8.0_71&apos;
Driver info: driver.version: FirefoxDriver
	at org.openqa.selenium.firefox.internal.NewProfileExtensionConnection.start(NewProfileExtensionConnection.java:125)
	at org.openqa.selenium.firefox.FirefoxDriver.startClient(FirefoxDriver.java:271)
	at org.openqa.selenium.remote.RemoteWebDriver.&lt;init&gt;(RemoteWebDriver.java:119)
	at org.openqa.selenium.firefox.FirefoxDriver.&lt;init&gt;(FirefoxDriver.java:216)
	at org.openqa.selenium.firefox.FirefoxDriver.&lt;init&gt;(FirefoxDriver.java:211)
	at org.openqa.selenium.firefox.FirefoxDriver.&lt;init&gt;(FirefoxDriver.java:207)
	at org.openqa.selenium.firefox.FirefoxDriver.&lt;init&gt;(FirefoxDriver.java:120)
	at com.commonsite.test.Amazon_Test.Project_AddCartValidation(Amazon_Test.java:23)
	at sun.reflect.NativeMethodAccessorImpl.invoke0(Native Method)
	at sun.reflect.NativeMethodAccessorImpl.invoke(Unknown Source)
	at sun.reflect.DelegatingMethodAccessorImpl.invoke(Unknown Source)
	at java.lang.reflect.Method.invoke(Unknown Source)
	at org.testng.internal.MethodInvocationHelper.invokeMethod(MethodInvocationHelper.java:80)
	at org.testng.internal.Invoker.invokeMethod(Invoker.java:714)
	at org.testng.internal.Invoker.invokeTestMethod(Invoker.java:901)
	at org.testng.internal.Invoker.invokeTestMethods(Invoker.java:1231)
	at org.testng.internal.TestMethodWorker.invokeTestMethods(TestMethodWorker.java:127)
	at org.testng.internal.TestMethodWorker.run(TestMethodWorker.java:111)
	at org.testng.TestRunner.privateRun(TestRunner.java:767)
	at org.testng.TestRunner.run(TestRunner.java:617)
	at org.testng.SuiteRunner.runTest(SuiteRunner.java:334)
	at org.testng.SuiteRunner.runSequentially(SuiteRunner.java:329)
	at org.testng.SuiteRunner.privateRun(SuiteRunner.java:291)
	at org.testng.SuiteRunner.run(SuiteRunner.java:240)
	at org.testng.SuiteRunnerWorker.runSuite(SuiteRunnerWorker.java:52)
	at org.testng.SuiteRunnerWorker.run(SuiteRunnerWorker.java:86)
	at org.testng.TestNG.runSuitesSequentially(TestNG.java:1198)
	at org.testng.TestNG.runSuitesLocally(TestNG.java:1123)
	at org.testng.TestNG.run(TestNG.java:1031)
	at org.testng.remote.RemoteTestNG.run(RemoteTestNG.java:115)
	at org.testng.remote.RemoteTestNG.initAndRun(RemoteTestNG.java:207)
	at org.testng.remote.RemoteTestNG.main(RemoteTestNG.java:178)
Caused by: org.openqa.selenium.firefox.NotConnectedException: Unable to connect to host 127.0.0.1 on port 7056 after 45000 ms. Firefox console output:
1486663404299	addons.manager	DEBUG	Application has been upgraded
1486663404316	addons.manager	DEBUG	Loaded provider scope for resource://gre/modules/addons/XPIProvider.jsm: [&quot;XPIProvider&quot;]
1486663404320	addons.manager	DEBUG	Loaded provider scope for resource://gre/modules/LightweightThemeManager.jsm: [&quot;LightweightThemeManager&quot;]
1486663404324	addons.xpi	DEBUG	startup
1486663404324	addons.xpi	DEBUG	Skipping unavailable install location app-system-local
1486663404325	addons.xpi	DEBUG	Skipping unavailable install location app-system-share
1486663404326	addons.xpi	DEBUG	Ignoring file entry whose name is not a valid add-on ID: C:\Users\admin\AppData\Local\Temp\anonymous4642206570918376620webdriver-profile\extensions\webdriver-staging
1486663404346	addons.xpi	DEBUG	checkForChanges
1486663404352	addons.xpi	DEBUG	Directory state JSON differs: cache [] state [{&quot;name&quot;:&quot;app-global&quot;,&quot;addons&quot;:{&quot;{972ce4c6-7e08-4474-a285-3208198ce6fd}&quot;:{&quot;descriptor&quot;:&quot;C:\\Program Files (x86)\\Mozilla Firefox\\browser\\extensions\\{972ce4c6-7e08-4474-a285-3208198ce6fd}&quot;,&quot;mtime&quot;:1481524752608,&quot;rdfTime&quot;:1405567032000}}},{&quot;name&quot;:&quot;app-profile&quot;,&quot;addons&quot;:{&quot;fxdriver@googlecode.com&quot;:{&quot;descriptor&quot;:&quot;C:\\Users\\admin\\AppData\\Local\\Temp\\anonymous4642206570918376620webdriver-profile\\extensions\\fxdriver@googlecode.com&quot;,&quot;mtime&quot;:1486663403144,&quot;rdfTime&quot;:1486663403093}}}]
1486663404357	addons.xpi-utils	DEBUG	Opening XPI database C:\Users\admin\AppData\Local\Temp\anonymous4642206570918376620webdriver-profile\extensions.json
1486663404358	addons.xpi	DEBUG	New add-on fxdriver@googlecode.com installed in app-profile
*** Blocklist::_loadBlocklistFromFile: blocklist is disabled
1486663404578	addons.xpi-utils	DEBUG	Make addon app-profile:fxdriver@googlecode.com visible
1486663404581	DeferredSave.extensions.json	DEBUG	Save changes
1486663404582	DeferredSave.extensions.json	DEBUG	Save changes
1486663404582	addons.xpi	DEBUG	New add-on {972ce4c6-7e08-4474-a285-3208198ce6fd} installed in app-global
1486663404587	addons.xpi-utils	DEBUG	Make addon app-global:{972ce4c6-7e08-4474-a285-3208198ce6fd} visible
1486663404588	DeferredSave.extensions.json	DEBUG	Save changes
1486663404588	DeferredSave.extensions.json	DEBUG	Save changes
1486663404598	addons.xpi	DEBUG	Updating database with changes to installed add-ons
1486663404599	addons.xpi-utils	DEBUG	Updating add-on states
1486663404600	addons.xpi-utils	DEBUG	Writing add-ons list
1486663406193	DeferredSave.extensions.json	DEBUG	Starting timer
1486663406239	DeferredSave.extensions.json	DEBUG	Starting write
1486663406302	DeferredSave.extensions.json	DEBUG	Write succeeded
1486663406302	addons.xpi-utils	DEBUG	XPI Database saved, setting schema version preference to 16
System JS : ERROR (null):0 - uncaught exception: [object Object]
JavaScript error: chrome://fxdriver/content/server.js, line 61: NS_ERROR_XPC_CI_RETURNED_FAILURE: Component returned failure code: 0x80570015 (NS_ERROR_XPC_CI_RETURNED_FAILURE) [nsIJSCID.createInstance]
JavaScript error: chrome://browser/content/urlbarBindings.xml, line 674: aUrl is undefined
1486663435073	addons.manager	DEBUG	shutdown
1486663435074	addons.xpi	DEBUG	shutdown
1486663435074	addons.xpi-utils	DEBUG	shutdown
1486663435076	addons.xpi	DEBUG	Notifying XPI shutdown observers
1486663435083	addons.manager	DEBUG	Async provider shutdown done

	at org.openqa.selenium.firefox.internal.NewProfileExtensionConnection.start(NewProfileExtensionConnection.java:113)
	... 31 more
</pre></div><a href='#' onClick='toggleBox("stack-trace883151184", this, "Click to show all stack frames", "Click to hide stack frames")'>Click to show all stack frames</a>
<div class='stack-trace' id='stack-trace883151184'><pre>org.openqa.selenium.WebDriverException: Failed to connect to binary FirefoxBinary(C:\Program Files (x86)\Mozilla Firefox\firefox.exe) on port 7056; process output follows: 
1486663404299	addons.manager	DEBUG	Application has been upgraded
1486663404316	addons.manager	DEBUG	Loaded provider scope for resource://gre/modules/addons/XPIProvider.jsm: [&quot;XPIProvider&quot;]
1486663404320	addons.manager	DEBUG	Loaded provider scope for resource://gre/modules/LightweightThemeManager.jsm: [&quot;LightweightThemeManager&quot;]
1486663404324	addons.xpi	DEBUG	startup
1486663404324	addons.xpi	DEBUG	Skipping unavailable install location app-system-local
1486663404325	addons.xpi	DEBUG	Skipping unavailable install location app-system-share
1486663404326	addons.xpi	DEBUG	Ignoring file entry whose name is not a valid add-on ID: C:\Users\admin\AppData\Local\Temp\anonymous4642206570918376620webdriver-profile\extensions\webdriver-staging
1486663404346	addons.xpi	DEBUG	checkForChanges
1486663404352	addons.xpi	DEBUG	Directory state JSON differs: cache [] state [{&quot;name&quot;:&quot;app-global&quot;,&quot;addons&quot;:{&quot;{972ce4c6-7e08-4474-a285-3208198ce6fd}&quot;:{&quot;descriptor&quot;:&quot;C:\\Program Files (x86)\\Mozilla Firefox\\browser\\extensions\\{972ce4c6-7e08-4474-a285-3208198ce6fd}&quot;,&quot;mtime&quot;:1481524752608,&quot;rdfTime&quot;:1405567032000}}},{&quot;name&quot;:&quot;app-profile&quot;,&quot;addons&quot;:{&quot;fxdriver@googlecode.com&quot;:{&quot;descriptor&quot;:&quot;C:\\Users\\admin\\AppData\\Local\\Temp\\anonymous4642206570918376620webdriver-profile\\extensions\\fxdriver@googlecode.com&quot;,&quot;mtime&quot;:1486663403144,&quot;rdfTime&quot;:1486663403093}}}]
1486663404357	addons.xpi-utils	DEBUG	Opening XPI database C:\Users\admin\AppData\Local\Temp\anonymous4642206570918376620webdriver-profile\extensions.json
1486663404358	addons.xpi	DEBUG	New add-on fxdriver@googlecode.com installed in app-profile
*** Blocklist::_loadBlocklistFromFile: blocklist is disabled
1486663404578	addons.xpi-utils	DEBUG	Make addon app-profile:fxdriver@googlecode.com visible
1486663404581	DeferredSave.extensions.json	DEBUG	Save changes
1486663404582	DeferredSave.extensions.json	DEBUG	Save changes
1486663404582	addons.xpi	DEBUG	New add-on {972ce4c6-7e08-4474-a285-3208198ce6fd} installed in app-global
1486663404587	addons.xpi-utils	DEBUG	Make addon app-global:{972ce4c6-7e08-4474-a285-3208198ce6fd} visible
1486663404588	DeferredSave.extensions.json	DEBUG	Save changes
1486663404588	DeferredSave.extensions.json	DEBUG	Save changes
1486663404598	addons.xpi	DEBUG	Updating database with changes to installed add-ons
1486663404599	addons.xpi-utils	DEBUG	Updating add-on states
1486663404600	addons.xpi-utils	DEBUG	Writing add-ons list
1486663406193	DeferredSave.extensions.json	DEBUG	Starting timer
1486663406239	DeferredSave.extensions.json	DEBUG	Starting write
1486663406302	DeferredSave.extensions.json	DEBUG	Write succeeded
1486663406302	addons.xpi-utils	DEBUG	XPI Database saved, setting schema version preference to 16
System JS : ERROR (null):0 - uncaught exception: [object Object]
JavaScript error: chrome://fxdriver/content/server.js, line 61: NS_ERROR_XPC_CI_RETURNED_FAILURE: Component returned failure code: 0x80570015 (NS_ERROR_XPC_CI_RETURNED_FAILURE) [nsIJSCID.createInstance]
JavaScript error: chrome://browser/content/urlbarBindings.xml, line 674: aUrl is undefined
1486663435073	addons.manager	DEBUG	shutdown
1486663435074	addons.xpi	DEBUG	shutdown
1486663435074	addons.xpi-utils	DEBUG	shutdown
1486663435076	addons.xpi	DEBUG	Notifying XPI shutdown observers
1486663435083	addons.manager	DEBUG	Async provider shutdown done

Build info: version: &apos;2.53.0&apos;, revision: &apos;35ae25b1534ae328c771e0856c93e187490ca824&apos;, time: &apos;2016-03-15 10:43:46&apos;
System info: host: &apos;admin-PC&apos;, ip: &apos;192.168.56.1&apos;, os.name: &apos;Windows 7&apos;, os.arch: &apos;amd64&apos;, os.version: &apos;6.1&apos;, java.version: &apos;1.8.0_71&apos;
Driver info: driver.version: FirefoxDriver
	at org.openqa.selenium.firefox.internal.NewProfileExtensionConnection.start(NewProfileExtensionConnection.java:125)
	at org.openqa.selenium.firefox.FirefoxDriver.startClient(FirefoxDriver.java:271)
	at org.openqa.selenium.remote.RemoteWebDriver.&lt;init&gt;(RemoteWebDriver.java:119)
	at org.openqa.selenium.firefox.FirefoxDriver.&lt;init&gt;(FirefoxDriver.java:216)
	at org.openqa.selenium.firefox.FirefoxDriver.&lt;init&gt;(FirefoxDriver.java:211)
	at org.openqa.selenium.firefox.FirefoxDriver.&lt;init&gt;(FirefoxDriver.java:207)
	at org.openqa.selenium.firefox.FirefoxDriver.&lt;init&gt;(FirefoxDriver.java:120)
	at com.commonsite.test.Amazon_Test.Project_AddCartValidation(Amazon_Test.java:23)
	at sun.reflect.NativeMethodAccessorImpl.invoke0(Native Method)
	at sun.reflect.NativeMethodAccessorImpl.invoke(Unknown Source)
	at sun.reflect.DelegatingMethodAccessorImpl.invoke(Unknown Source)
	at java.lang.reflect.Method.invoke(Unknown Source)
	at org.testng.internal.MethodInvocationHelper.invokeMethod(MethodInvocationHelper.java:80)
	at org.testng.internal.Invoker.invokeMethod(Invoker.java:714)
	at org.testng.internal.Invoker.invokeTestMethod(Invoker.java:901)
	at org.testng.internal.Invoker.invokeTestMethods(Invoker.java:1231)
	at org.testng.internal.TestMethodWorker.invokeTestMethods(TestMethodWorker.java:127)
	at org.testng.internal.TestMethodWorker.run(TestMethodWorker.java:111)
	at org.testng.TestRunner.privateRun(TestRunner.java:767)
	at org.testng.TestRunner.run(TestRunner.java:617)
	at org.testng.SuiteRunner.runTest(SuiteRunner.java:334)
	at org.testng.SuiteRunner.runSequentially(SuiteRunner.java:329)
	at org.testng.SuiteRunner.privateRun(SuiteRunner.java:291)
	at org.testng.SuiteRunner.run(SuiteRunner.java:240)
	at org.testng.SuiteRunnerWorker.runSuite(SuiteRunnerWorker.java:52)
	at org.testng.SuiteRunnerWorker.run(SuiteRunnerWorker.java:86)
	at org.testng.TestNG.runSuitesSequentially(TestNG.java:1198)
	at org.testng.TestNG.runSuitesLocally(TestNG.java:1123)
	at org.testng.TestNG.run(TestNG.java:1031)
	at org.testng.remote.RemoteTestNG.run(RemoteTestNG.java:115)
	at org.testng.remote.RemoteTestNG.initAndRun(RemoteTestNG.java:207)
	at org.testng.remote.RemoteTestNG.main(RemoteTestNG.java:178)
Caused by: org.openqa.selenium.firefox.NotConnectedException: Unable to connect to host 127.0.0.1 on port 7056 after 45000 ms. Firefox console output:
1486663404299	addons.manager	DEBUG	Application has been upgraded
1486663404316	addons.manager	DEBUG	Loaded provider scope for resource://gre/modules/addons/XPIProvider.jsm: [&quot;XPIProvider&quot;]
1486663404320	addons.manager	DEBUG	Loaded provider scope for resource://gre/modules/LightweightThemeManager.jsm: [&quot;LightweightThemeManager&quot;]
1486663404324	addons.xpi	DEBUG	startup
1486663404324	addons.xpi	DEBUG	Skipping unavailable install location app-system-local
1486663404325	addons.xpi	DEBUG	Skipping unavailable install location app-system-share
1486663404326	addons.xpi	DEBUG	Ignoring file entry whose name is not a valid add-on ID: C:\Users\admin\AppData\Local\Temp\anonymous4642206570918376620webdriver-profile\extensions\webdriver-staging
1486663404346	addons.xpi	DEBUG	checkForChanges
1486663404352	addons.xpi	DEBUG	Directory state JSON differs: cache [] state [{&quot;name&quot;:&quot;app-global&quot;,&quot;addons&quot;:{&quot;{972ce4c6-7e08-4474-a285-3208198ce6fd}&quot;:{&quot;descriptor&quot;:&quot;C:\\Program Files (x86)\\Mozilla Firefox\\browser\\extensions\\{972ce4c6-7e08-4474-a285-3208198ce6fd}&quot;,&quot;mtime&quot;:1481524752608,&quot;rdfTime&quot;:1405567032000}}},{&quot;name&quot;:&quot;app-profile&quot;,&quot;addons&quot;:{&quot;fxdriver@googlecode.com&quot;:{&quot;descriptor&quot;:&quot;C:\\Users\\admin\\AppData\\Local\\Temp\\anonymous4642206570918376620webdriver-profile\\extensions\\fxdriver@googlecode.com&quot;,&quot;mtime&quot;:1486663403144,&quot;rdfTime&quot;:1486663403093}}}]
1486663404357	addons.xpi-utils	DEBUG	Opening XPI database C:\Users\admin\AppData\Local\Temp\anonymous4642206570918376620webdriver-profile\extensions.json
1486663404358	addons.xpi	DEBUG	New add-on fxdriver@googlecode.com installed in app-profile
*** Blocklist::_loadBlocklistFromFile: blocklist is disabled
1486663404578	addons.xpi-utils	DEBUG	Make addon app-profile:fxdriver@googlecode.com visible
1486663404581	DeferredSave.extensions.json	DEBUG	Save changes
1486663404582	DeferredSave.extensions.json	DEBUG	Save changes
1486663404582	addons.xpi	DEBUG	New add-on {972ce4c6-7e08-4474-a285-3208198ce6fd} installed in app-global
1486663404587	addons.xpi-utils	DEBUG	Make addon app-global:{972ce4c6-7e08-4474-a285-3208198ce6fd} visible
1486663404588	DeferredSave.extensions.json	DEBUG	Save changes
1486663404588	DeferredSave.extensions.json	DEBUG	Save changes
1486663404598	addons.xpi	DEBUG	Updating database with changes to installed add-ons
1486663404599	addons.xpi-utils	DEBUG	Updating add-on states
1486663404600	addons.xpi-utils	DEBUG	Writing add-ons list
1486663406193	DeferredSave.extensions.json	DEBUG	Starting timer
1486663406239	DeferredSave.extensions.json	DEBUG	Starting write
1486663406302	DeferredSave.extensions.json	DEBUG	Write succeeded
1486663406302	addons.xpi-utils	DEBUG	XPI Database saved, setting schema version preference to 16
System JS : ERROR (null):0 - uncaught exception: [object Object]
JavaScript error: chrome://fxdriver/content/server.js, line 61: NS_ERROR_XPC_CI_RETURNED_FAILURE: Component returned failure code: 0x80570015 (NS_ERROR_XPC_CI_RETURNED_FAILURE) [nsIJSCID.createInstance]
JavaScript error: chrome://browser/content/urlbarBindings.xml, line 674: aUrl is undefined
1486663435073	addons.manager	DEBUG	shutdown
1486663435074	addons.xpi	DEBUG	shutdown
1486663435074	addons.xpi-utils	DEBUG	shutdown
1486663435076	addons.xpi	DEBUG	Notifying XPI shutdown observers
1486663435083	addons.manager	DEBUG	Async provider shutdown done

	at org.openqa.selenium.firefox.internal.NewProfileExtensionConnection.start(NewProfileExtensionConnection.java:113)
	... 31 more
</pre></div></td>
<td>48</td>
<td>com.commonsite.test.Amazon_Test@47fd17e3</td></tr>
</table><p>
</body>
</html>