<?xml version="1.0" encoding="UTF-8"?>
<!-- Generated by org.testng.reporters.JUnitXMLReporter -->
<testsuite hostname="admin-PC" name="Default test" tests="1" failures="1" timestamp="9 Feb 2017 18:04:10 GMT" time="48.496" errors="0">
  <testcase name="Project_AddCartValidation" time="48.454" classname="com.commonsite.test.Amazon_Test">
    <failure type="org.openqa.selenium.WebDriverException" message="Failed to connect to binary FirefoxBinary(C:\Program Files (x86)\Mozilla Firefox\firefox.exe) on port 7056; process output follows: 
1486663404299	addons.manager	DEBUG	Application has been upgraded
1486663404316	addons.manager	DEBUG	Loaded provider scope for resource://gre/modules/addons/XPIProvider.jsm: [&amp;quot;XPIProvider&amp;quot;]
1486663404320	addons.manager	DEBUG	Loaded provider scope for resource://gre/modules/LightweightThemeManager.jsm: [&amp;quot;LightweightThemeManager&amp;quot;]
1486663404324	addons.xpi	DEBUG	startup
1486663404324	addons.xpi	DEBUG	Skipping unavailable install location app-system-local
1486663404325	addons.xpi	DEBUG	Skipping unavailable install location app-system-share
1486663404326	addons.xpi	DEBUG	Ignoring file entry whose name is not a valid add-on ID: C:\Users\admin\AppData\Local\Temp\anonymous4642206570918376620webdriver-profile\extensions\webdriver-staging
1486663404346	addons.xpi	DEBUG	checkForChanges
1486663404352	addons.xpi	DEBUG	Directory state JSON differs: cache [] state [{&amp;quot;name&amp;quot;:&amp;quot;app-global&amp;quot;,&amp;quot;addons&amp;quot;:{&amp;quot;{972ce4c6-7e08-4474-a285-3208198ce6fd}&amp;quot;:{&amp;quot;descriptor&amp;quot;:&amp;quot;C:\\Program Files (x86)\\Mozilla Firefox\\browser\\extensions\\{972ce4c6-7e08-4474-a285-3208198ce6fd}&amp;quot;,&amp;quot;mtime&amp;quot;:1481524752608,&amp;quot;rdfTime&amp;quot;:1405567032000}}},{&amp;quot;name&amp;quot;:&amp;quot;app-profile&amp;quot;,&amp;quot;addons&amp;quot;:{&amp;quot;fxdriver@googlecode.com&amp;quot;:{&amp;quot;descriptor&amp;quot;:&amp;quot;C:\\Users\\admin\\AppData\\Local\\Temp\\anonymous4642206570918376620webdriver-profile\\extensions\\fxdriver@googlecode.com&amp;quot;,&amp;quot;mtime&amp;quot;:1486663403144,&amp;quot;rdfTime&amp;quot;:1486663403093}}}]
1486663404357	addons.xpi-utils	DEBUG	Opening XPI database C:\Users\admin\AppData\Local\Temp\anonymous4642206570918376620webdriver-profile\extensions.json
1486663404358	addons.xpi	DEBUG	New add-on fxdriver@googlecode.com installed in app-profile
*** Blocklist::_loadBlocklistFromFile: blocklist is disabled
1486663404578	addons.xpi-utils	DEBUG	Make addon app-profile:fxdriver@googlecode.com visible
1486663404581	DeferredSave.extensions.json	DEBUG	Save changes
1486663404582	DeferredSave.extensions.json	DEBUG	Save changes
1486663404582	addons.xpi	DEBUG	New add-on {972ce4c6-7e08-4474-a285-3208198ce6fd} installed in app-global
1486663404587	addons.xpi-utils	DEBUG	Make addon app-global:{972ce4c6-7e08-4474-a285-3208198ce6fd} visible
1486663404588	DeferredSave.extensions.json	DEBUG	Save changes
1486663404588	DeferredSave.extensions.json	DEBUG	Save changes
1486663404598	addons.xpi	DEBUG	Updating database with changes to installed add-ons
1486663404599	addons.xpi-utils	DEBUG	Updating add-on states
1486663404600	addons.xpi-utils	DEBUG	Writing add-ons list
1486663406193	DeferredSave.extensions.json	DEBUG	Starting timer
1486663406239	DeferredSave.extensions.json	DEBUG	Starting write
1486663406302	DeferredSave.extensions.json	DEBUG	Write succeeded
1486663406302	addons.xpi-utils	DEBUG	XPI Database saved, setting schema version preference to 16
System JS : ERROR (null):0 - uncaught exception: [object Object]
JavaScript error: chrome://fxdriver/content/server.js, line 61: NS_ERROR_XPC_CI_RETURNED_FAILURE: Component returned failure code: 0x80570015 (NS_ERROR_XPC_CI_RETURNED_FAILURE) [nsIJSCID.createInstance]
JavaScript error: chrome://browser/content/urlbarBindings.xml, line 674: aUrl is undefined
1486663435073	addons.manager	DEBUG	shutdown
1486663435074	addons.xpi	DEBUG	shutdown
1486663435074	addons.xpi-utils	DEBUG	shutdown
1486663435076	addons.xpi	DEBUG	Notifying XPI shutdown observers
1486663435083	addons.manager	DEBUG	Async provider shutdown done

Build info: version: &amp;apos;2.53.0&amp;apos;, revision: &amp;apos;35ae25b1534ae328c771e0856c93e187490ca824&amp;apos;, time: &amp;apos;2016-03-15 10:43:46&amp;apos;
System info: host: &amp;apos;admin-PC&amp;apos;, ip: &amp;apos;192.168.56.1&amp;apos;, os.name: &amp;apos;Windows 7&amp;apos;, os.arch: &amp;apos;amd64&amp;apos;, os.version: &amp;apos;6.1&amp;apos;, java.version: &amp;apos;1.8.0_71&amp;apos;
Driver info: driver.version: FirefoxDriver">
      <![CDATA[org.openqa.selenium.WebDriverException: Failed to connect to binary FirefoxBinary(C:\Program Files (x86)\Mozilla Firefox\firefox.exe) on port 7056; process output follows: 
1486663404299	addons.manager	DEBUG	Application has been upgraded
1486663404316	addons.manager	DEBUG	Loaded provider scope for resource://gre/modules/addons/XPIProvider.jsm: ["XPIProvider"]
1486663404320	addons.manager	DEBUG	Loaded provider scope for resource://gre/modules/LightweightThemeManager.jsm: ["LightweightThemeManager"]
1486663404324	addons.xpi	DEBUG	startup
1486663404324	addons.xpi	DEBUG	Skipping unavailable install location app-system-local
1486663404325	addons.xpi	DEBUG	Skipping unavailable install location app-system-share
1486663404326	addons.xpi	DEBUG	Ignoring file entry whose name is not a valid add-on ID: C:\Users\admin\AppData\Local\Temp\anonymous4642206570918376620webdriver-profile\extensions\webdriver-staging
1486663404346	addons.xpi	DEBUG	checkForChanges
1486663404352	addons.xpi	DEBUG	Directory state JSON differs: cache [] state [{"name":"app-global","addons":{"{972ce4c6-7e08-4474-a285-3208198ce6fd}":{"descriptor":"C:\\Program Files (x86)\\Mozilla Firefox\\browser\\extensions\\{972ce4c6-7e08-4474-a285-3208198ce6fd}","mtime":1481524752608,"rdfTime":1405567032000}}},{"name":"app-profile","addons":{"fxdriver@googlecode.com":{"descriptor":"C:\\Users\\admin\\AppData\\Local\\Temp\\anonymous4642206570918376620webdriver-profile\\extensions\\fxdriver@googlecode.com","mtime":1486663403144,"rdfTime":1486663403093}}}]
1486663404357	addons.xpi-utils	DEBUG	Opening XPI database C:\Users\admin\AppData\Local\Temp\anonymous4642206570918376620webdriver-profile\extensions.json
1486663404358	addons.xpi	DEBUG	New add-on fxdriver@googlecode.com installed in app-profile
*** Blocklist::_loadBlocklistFromFile: blocklist is disabled
1486663404578	addons.xpi-utils	DEBUG	Make addon app-profile:fxdriver@googlecode.com visible
1486663404581	DeferredSave.extensions.json	DEBUG	Save changes
1486663404582	DeferredSave.extensions.json	DEBUG	Save changes
1486663404582	addons.xpi	DEBUG	New add-on {972ce4c6-7e08-4474-a285-3208198ce6fd} installed in app-global
1486663404587	addons.xpi-utils	DEBUG	Make addon app-global:{972ce4c6-7e08-4474-a285-3208198ce6fd} visible
1486663404588	DeferredSave.extensions.json	DEBUG	Save changes
1486663404588	DeferredSave.extensions.json	DEBUG	Save changes
1486663404598	addons.xpi	DEBUG	Updating database with changes to installed add-ons
1486663404599	addons.xpi-utils	DEBUG	Updating add-on states
1486663404600	addons.xpi-utils	DEBUG	Writing add-ons list
1486663406193	DeferredSave.extensions.json	DEBUG	Starting timer
1486663406239	DeferredSave.extensions.json	DEBUG	Starting write
1486663406302	DeferredSave.extensions.json	DEBUG	Write succeeded
1486663406302	addons.xpi-utils	DEBUG	XPI Database saved, setting schema version preference to 16
System JS : ERROR (null):0 - uncaught exception: [object Object]
JavaScript error: chrome://fxdriver/content/server.js, line 61: NS_ERROR_XPC_CI_RETURNED_FAILURE: Component returned failure code: 0x80570015 (NS_ERROR_XPC_CI_RETURNED_FAILURE) [nsIJSCID.createInstance]
JavaScript error: chrome://browser/content/urlbarBindings.xml, line 674: aUrl is undefined
1486663435073	addons.manager	DEBUG	shutdown
1486663435074	addons.xpi	DEBUG	shutdown
1486663435074	addons.xpi-utils	DEBUG	shutdown
1486663435076	addons.xpi	DEBUG	Notifying XPI shutdown observers
1486663435083	addons.manager	DEBUG	Async provider shutdown done

Build info: version: '2.53.0', revision: '35ae25b1534ae328c771e0856c93e187490ca824', time: '2016-03-15 10:43:46'
System info: host: 'admin-PC', ip: '192.168.56.1', os.name: 'Windows 7', os.arch: 'amd64', os.version: '6.1', java.version: '1.8.0_71'
Driver info: driver.version: FirefoxDriver
	at org.openqa.selenium.firefox.internal.NewProfileExtensionConnection.start(NewProfileExtensionConnection.java:125)
	at org.openqa.selenium.firefox.FirefoxDriver.startClient(FirefoxDriver.java:271)
	at org.openqa.selenium.remote.RemoteWebDriver.<init>(RemoteWebDriver.java:119)
	at org.openqa.selenium.firefox.FirefoxDriver.<init>(FirefoxDriver.java:216)
	at org.openqa.selenium.firefox.FirefoxDriver.<init>(FirefoxDriver.java:211)
	at org.openqa.selenium.firefox.FirefoxDriver.<init>(FirefoxDriver.java:207)
	at org.openqa.selenium.firefox.FirefoxDriver.<init>(FirefoxDriver.java:120)
	at com.commonsite.test.Amazon_Test.Project_AddCartValidation(Amazon_Test.java:23)
	at sun.reflect.NativeMethodAccessorImpl.invoke0(Native Method)
	at sun.reflect.NativeMethodAccessorImpl.invoke(Unknown Source)
	at sun.reflect.DelegatingMethodAccessorImpl.invoke(Unknown Source)
	at java.lang.reflect.Method.invoke(Unknown Source)
	at org.testng.internal.MethodInvocationHelper.invokeMethod(MethodInvocationHelper.java:80)
	at org.testng.internal.Invoker.invokeMethod(Invoker.java:714)
	at org.testng.internal.Invoker.invokeTestMethod(Invoker.java:901)
	at org.testng.internal.Invoker.invokeTestMethods(Invoker.java:1231)
	at org.testng.internal.TestMethodWorker.invokeTestMethods(TestMethodWorker.java:127)
	at org.testng.internal.TestMethodWorker.run(TestMethodWorker.java:111)
	at org.testng.TestRunner.privateRun(TestRunner.java:767)
	at org.testng.TestRunner.run(TestRunner.java:617)
	at org.testng.SuiteRunner.runTest(SuiteRunner.java:334)
	at org.testng.SuiteRunner.runSequentially(SuiteRunner.java:329)
	at org.testng.SuiteRunner.privateRun(SuiteRunner.java:291)
	at org.testng.SuiteRunner.run(SuiteRunner.java:240)
	at org.testng.SuiteRunnerWorker.runSuite(SuiteRunnerWorker.java:52)
	at org.testng.SuiteRunnerWorker.run(SuiteRunnerWorker.java:86)
	at org.testng.TestNG.runSuitesSequentially(TestNG.java:1198)
	at org.testng.TestNG.runSuitesLocally(TestNG.java:1123)
	at org.testng.TestNG.run(TestNG.java:1031)
	at org.testng.remote.RemoteTestNG.run(RemoteTestNG.java:115)
	at org.testng.remote.RemoteTestNG.initAndRun(RemoteTestNG.java:207)
	at org.testng.remote.RemoteTestNG.main(RemoteTestNG.java:178)
Caused by: org.openqa.selenium.firefox.NotConnectedException: Unable to connect to host 127.0.0.1 on port 7056 after 45000 ms. Firefox console output:
1486663404299	addons.manager	DEBUG	Application has been upgraded
1486663404316	addons.manager	DEBUG	Loaded provider scope for resource://gre/modules/addons/XPIProvider.jsm: ["XPIProvider"]
1486663404320	addons.manager	DEBUG	Loaded provider scope for resource://gre/modules/LightweightThemeManager.jsm: ["LightweightThemeManager"]
1486663404324	addons.xpi	DEBUG	startup
1486663404324	addons.xpi	DEBUG	Skipping unavailable install location app-system-local
1486663404325	addons.xpi	DEBUG	Skipping unavailable install location app-system-share
1486663404326	addons.xpi	DEBUG	Ignoring file entry whose name is not a valid add-on ID: C:\Users\admin\AppData\Local\Temp\anonymous4642206570918376620webdriver-profile\extensions\webdriver-staging
1486663404346	addons.xpi	DEBUG	checkForChanges
1486663404352	addons.xpi	DEBUG	Directory state JSON differs: cache [] state [{"name":"app-global","addons":{"{972ce4c6-7e08-4474-a285-3208198ce6fd}":{"descriptor":"C:\\Program Files (x86)\\Mozilla Firefox\\browser\\extensions\\{972ce4c6-7e08-4474-a285-3208198ce6fd}","mtime":1481524752608,"rdfTime":1405567032000}}},{"name":"app-profile","addons":{"fxdriver@googlecode.com":{"descriptor":"C:\\Users\\admin\\AppData\\Local\\Temp\\anonymous4642206570918376620webdriver-profile\\extensions\\fxdriver@googlecode.com","mtime":1486663403144,"rdfTime":1486663403093}}}]
1486663404357	addons.xpi-utils	DEBUG	Opening XPI database C:\Users\admin\AppData\Local\Temp\anonymous4642206570918376620webdriver-profile\extensions.json
1486663404358	addons.xpi	DEBUG	New add-on fxdriver@googlecode.com installed in app-profile
*** Blocklist::_loadBlocklistFromFile: blocklist is disabled
1486663404578	addons.xpi-utils	DEBUG	Make addon app-profile:fxdriver@googlecode.com visible
1486663404581	DeferredSave.extensions.json	DEBUG	Save changes
1486663404582	DeferredSave.extensions.json	DEBUG	Save changes
1486663404582	addons.xpi	DEBUG	New add-on {972ce4c6-7e08-4474-a285-3208198ce6fd} installed in app-global
1486663404587	addons.xpi-utils	DEBUG	Make addon app-global:{972ce4c6-7e08-4474-a285-3208198ce6fd} visible
1486663404588	DeferredSave.extensions.json	DEBUG	Save changes
1486663404588	DeferredSave.extensions.json	DEBUG	Save changes
1486663404598	addons.xpi	DEBUG	Updating database with changes to installed add-ons
1486663404599	addons.xpi-utils	DEBUG	Updating add-on states
1486663404600	addons.xpi-utils	DEBUG	Writing add-ons list
1486663406193	DeferredSave.extensions.json	DEBUG	Starting timer
1486663406239	DeferredSave.extensions.json	DEBUG	Starting write
1486663406302	DeferredSave.extensions.json	DEBUG	Write succeeded
1486663406302	addons.xpi-utils	DEBUG	XPI Database saved, setting schema version preference to 16
System JS : ERROR (null):0 - uncaught exception: [object Object]
JavaScript error: chrome://fxdriver/content/server.js, line 61: NS_ERROR_XPC_CI_RETURNED_FAILURE: Component returned failure code: 0x80570015 (NS_ERROR_XPC_CI_RETURNED_FAILURE) [nsIJSCID.createInstance]
JavaScript error: chrome://browser/content/urlbarBindings.xml, line 674: aUrl is undefined
1486663435073	addons.manager	DEBUG	shutdown
1486663435074	addons.xpi	DEBUG	shutdown
1486663435074	addons.xpi-utils	DEBUG	shutdown
1486663435076	addons.xpi	DEBUG	Notifying XPI shutdown observers
1486663435083	addons.manager	DEBUG	Async provider shutdown done

	at org.openqa.selenium.firefox.internal.NewProfileExtensionConnection.start(NewProfileExtensionConnection.java:113)
	... 31 more
]]>
    </failure>
  </testcase> <!-- Project_AddCartValidation -->
</testsuite> <!-- Default test -->
